<?xml version="1.0" encoding="UTF-8"?><testsuite errors="0" failures="1" name="Apichallenge.Feature.test" skipped="0" tests="2" time="6.15" timestamp="2018-08-23T20:21:10.186-05:00[America/Bogota]"><testcase classname="Apichallenge.Feature.test" name="Get topfive"/><testcase classname="Apichallenge.Feature.test" name="Get songs by genre"><failure message="1 expectation failed.&#10;Expected status code &lt;200&gt; but was &lt;404&gt;.&#10;" type="java.lang.AssertionError">1 expectation failed.
Expected status code &lt;200&gt; but was &lt;404&gt;.
</failure><system-err>1 expectation failed.
Expected status code &lt;200&gt; but was &lt;404&gt;.
&#13;
io.restassured.internal.ResponseSpecificationImpl.validateResponseIfRequired(ResponseSpecificationImpl.groovy:636)&#13;
io.restassured.internal.ResponseSpecificationImpl.statusCode(ResponseSpecificationImpl.groovy:122)&#13;
io.restassured.internal.ResponseSpecificationImpl.statusCode(ResponseSpecificationImpl.groovy:130)&#13;
io.restassured.internal.ValidatableResponseOptionsImpl.statusCode(ValidatableResponseOptionsImpl.java:117)&#13;
Apichallenge.Steps.genreSteps.thatIAmConnectedToKafkaMusicApp(genreSteps.java:24)&#13;
Apichallenge.Feature.test.getSongsByGenre(test.java:23)&#13;
</system-err></testcase></testsuite>